Determining if the pthread_create exist failed with the following output:
Change Dir: /home/rosuser/ros_workspace/build/CMakeFiles/CMakeTmp

Run Build Command:/usr/bin/make "cmTryCompileExec671462319/fast"
/usr/bin/make -f CMakeFiles/cmTryCompileExec671462319.dir/build.make CMakeFiles/cmTryCompileExec671462319.dir/build
make[1]: Entering directory `/home/rosuser/ros_workspace/build/CMakeFiles/CMakeTmp'
/usr/bin/cmake -E cmake_progress_report /home/rosuser/ros_workspace/build/CMakeFiles/CMakeTmp/CMakeFiles 1
Building C object CMakeFiles/cmTryCompileExec671462319.dir/CheckSymbolExists.c.o
/usr/bin/cc    -o CMakeFiles/cmTryCompileExec671462319.dir/CheckSymbolExists.c.o   -c /home/rosuser/ros_workspace/build/CMakeFiles/CMakeTmp/CheckSymbolExists.c
Linking C executable cmTryCompileExec671462319
/usr/bin/cmake -E cmake_link_script CMakeFiles/cmTryCompileExec671462319.dir/link.txt --verbose=1
/usr/bin/cc       CMakeFiles/cmTryCompileExec671462319.dir/CheckSymbolExists.c.o  -o cmTryCompileExec671462319 -rdynamic 
CMakeFiles/cmTryCompileExec671462319.dir/CheckSymbolExists.c.o: In function `main':
CheckSymbolExists.c:(.text+0x16): undefined reference to `pthread_create'
collect2: error: ld returned 1 exit status
make[1]: *** [cmTryCompileExec671462319] Error 1
make[1]: Leaving directory `/home/rosuser/ros_workspace/build/CMakeFiles/CMakeTmp'
make: *** [cmTryCompileExec671462319/fast] Error 2

File /home/rosuser/ros_workspace/build/CMakeFiles/CMakeTmp/CheckSymbolExists.c:
/* */
#include <pthread.h>

int main(int argc, char** argv)
{
  (void)argv;
#ifndef pthread_create
  return ((int*)(&pthread_create))[argc];
#else
  (void)argc;
  return 0;
#endif
}

Determining if the function pthread_create exists in the pthreads failed with the following output:
Change Dir: /home/rosuser/ros_workspace/build/CMakeFiles/CMakeTmp

Run Build Command:/usr/bin/make "cmTryCompileExec78345175/fast"
/usr/bin/make -f CMakeFiles/cmTryCompileExec78345175.dir/build.make CMakeFiles/cmTryCompileExec78345175.dir/build
make[1]: Entering directory `/home/rosuser/ros_workspace/build/CMakeFiles/CMakeTmp'
/usr/bin/cmake -E cmake_progress_report /home/rosuser/ros_workspace/build/CMakeFiles/CMakeTmp/CMakeFiles 1
Building C object CMakeFiles/cmTryCompileExec78345175.dir/CheckFunctionExists.c.o
/usr/bin/cc   -DCHECK_FUNCTION_EXISTS=pthread_create   -o CMakeFiles/cmTryCompileExec78345175.dir/CheckFunctionExists.c.o   -c /usr/share/cmake-2.8/Modules/CheckFunctionExists.c
Linking C executable cmTryCompileExec78345175
/usr/bin/cmake -E cmake_link_script CMakeFiles/cmTryCompileExec78345175.dir/link.txt --verbose=1
/usr/bin/cc   -DCHECK_FUNCTION_EXISTS=pthread_create    CMakeFiles/cmTryCompileExec78345175.dir/CheckFunctionExists.c.o  -o cmTryCompileExec78345175 -rdynamic -lpthreads 
/usr/bin/ld: cannot find -lpthreads
collect2: error: ld returned 1 exit status
make[1]: *** [cmTryCompileExec78345175] Error 1
make[1]: Leaving directory `/home/rosuser/ros_workspace/build/CMakeFiles/CMakeTmp'
make: *** [cmTryCompileExec78345175/fast] Error 2


